<?xml version="1.0" encoding="UTF-8"?>
<!-- Generated by org.testng.reporters.JUnitXMLReporter -->
<testsuite ignored="0" hostname="DESKTOP-7RQMP4R" failures="1" tests="2" name="Test" time="8.204" errors="0" timestamp="2023-05-02T16:39:03 IST">
  <testcase classname="Tests.java.NewTest" name="f" time="7.621"/>
  <testcase classname="Tests.java.NewTest" name="g" time="0.56">
    <failure type="org.openqa.selenium.NoSuchElementException" message="An element could not be located on the page using the given search parameters.
For documentation on this error, please visit: https://selenium.dev/exceptions/#no_such_element
Build info: version: &amp;apos;4.8.0&amp;apos;, revision: &amp;apos;267030adea&amp;apos;
System info: os.name: &amp;apos;Windows 10&amp;apos;, os.arch: &amp;apos;amd64&amp;apos;, os.version: &amp;apos;10.0&amp;apos;, java.version: &amp;apos;15.0.2&amp;apos;
Driver info: io.appium.java_client.AppiumDriver
Command: [305df2fd-0485-4163-8b98-c04eb519ab63, findElement {using=id, value=com.androi.calculator2:id/digit_8}]
Capabilities {appium:appActivity: com.android.calculator2.Cal..., appium:appPackage: com.android.calculator2, appium:databaseEnabled: false, appium:desired: {appActivity: com.android.calculator2.Cal..., appPackage: com.android.calculator2, deviceName: Android SDK built  for x86, platformName: android, platformVersion: 8.1.0, udid: emulator-5554}, appium:deviceApiLevel: 27, appium:deviceManufacturer: Google, appium:deviceModel: Android SDK built for x86, appium:deviceName: emulator-5554, appium:deviceScreenDensity: 560, appium:deviceScreenSize: 1440x3040, appium:deviceUDID: emulator-5554, appium:javascriptEnabled: true, appium:locationContextEnabled: false, appium:networkConnectionEnabled: true, appium:pixelRatio: 3.5, appium:platformVersion: 8.1.0, appium:statBarHeight: 84, appium:takesScreenshot: true, appium:udid: emulator-5554, appium:viewportRect: {height: 2788, left: 0, top: 84, width: 1440}, appium:warnings: {}, appium:webStorageEnabled: false, platformName: ANDROID}
Session ID: 305df2fd-0485-4163-8b98-c04eb519ab63">
      <![CDATA[org.openqa.selenium.NoSuchElementException: An element could not be located on the page using the given search parameters.
For documentation on this error, please visit: https://selenium.dev/exceptions/#no_such_element
Build info: version: '4.8.0', revision: '267030adea'
System info: os.name: 'Windows 10', os.arch: 'amd64', os.version: '10.0', java.version: '15.0.2'
Driver info: io.appium.java_client.AppiumDriver
Command: [305df2fd-0485-4163-8b98-c04eb519ab63, findElement {using=id, value=com.androi.calculator2:id/digit_8}]
Capabilities {appium:appActivity: com.android.calculator2.Cal..., appium:appPackage: com.android.calculator2, appium:databaseEnabled: false, appium:desired: {appActivity: com.android.calculator2.Cal..., appPackage: com.android.calculator2, deviceName: Android SDK built  for x86, platformName: android, platformVersion: 8.1.0, udid: emulator-5554}, appium:deviceApiLevel: 27, appium:deviceManufacturer: Google, appium:deviceModel: Android SDK built for x86, appium:deviceName: emulator-5554, appium:deviceScreenDensity: 560, appium:deviceScreenSize: 1440x3040, appium:deviceUDID: emulator-5554, appium:javascriptEnabled: true, appium:locationContextEnabled: false, appium:networkConnectionEnabled: true, appium:pixelRatio: 3.5, appium:platformVersion: 8.1.0, appium:statBarHeight: 84, appium:takesScreenshot: true, appium:udid: emulator-5554, appium:viewportRect: {height: 2788, left: 0, top: 84, width: 1440}, appium:warnings: {}, appium:webStorageEnabled: false, platformName: ANDROID}
Session ID: 305df2fd-0485-4163-8b98-c04eb519ab63
at org.openqa.selenium.remote.codec.w3c.W3CHttpResponseCodec.createException(W3CHttpResponseCodec.java:200)
at org.openqa.selenium.remote.codec.w3c.W3CHttpResponseCodec.decode(W3CHttpResponseCodec.java:133)
at org.openqa.selenium.remote.codec.w3c.W3CHttpResponseCodec.decode(W3CHttpResponseCodec.java:53)
at org.openqa.selenium.remote.HttpCommandExecutor.execute(HttpCommandExecutor.java:184)
at io.appium.java_client.remote.AppiumCommandExecutor.execute(AppiumCommandExecutor.java:262)
at org.openqa.selenium.remote.RemoteWebDriver.execute(RemoteWebDriver.java:543)
at org.openqa.selenium.remote.ElementLocation$ElementFinder$2.findElement(ElementLocation.java:162)
at org.openqa.selenium.remote.ElementLocation.findElement(ElementLocation.java:60)
at org.openqa.selenium.remote.RemoteWebDriver.findElement(RemoteWebDriver.java:352)
at org.openqa.selenium.remote.RemoteWebDriver.findElement(RemoteWebDriver.java:344)
at Tests.java.NewTest.g(NewTest.java:64)
at java.base/java.util.ArrayList.forEach(ArrayList.java:1511)
... Removed 32 stack frames]]>
    </failure>
  </testcase> <!-- g -->
</testsuite> <!-- Test -->
