<?xml version="1.0" encoding="UTF-8"?>
<!-- Generated by org.testng.reporters.JUnitXMLReporter -->
<testsuite ignored="0" hostname="DESKTOP-7RQMP4R" failures="0" tests="1" name="Test(failed)" time="0.029" errors="0" timestamp="2023-05-02T13:02:32 IST">
  <testcase classname="Tests.java.NewTest" name="@BeforeSuite beforeSuite" time="0.012">
    <failure type="java.lang.NullPointerException" message="Cannot invoke &amp;quot;io.appium.java_client.AppiumDriver.findElement(org.openqa.selenium.By)&amp;quot; because &amp;quot;Tests.java.NewTest.driver&amp;quot; is null">
      <![CDATA[java.lang.NullPointerException: Cannot invoke "io.appium.java_client.AppiumDriver.findElement(org.openqa.selenium.By)" because "Tests.java.NewTest.driver" is null
at Tests.java.NewTest.beforeSuite(NewTest.java:60)
... Removed 19 stack frames]]>
    </failure>
  </testcase> <!-- @BeforeSuite beforeSuite -->
  <testcase classname="Tests.java.NewTest" name="@BeforeTest beforeTest" time="-1.683012752727E9">
    <skipped/>
  </testcase> <!-- @BeforeTest beforeTest -->
  <testcase classname="Tests.java.NewTest" name="@BeforeClass beforeClass" time="-1.683012752742E9">
    <skipped/>
  </testcase> <!-- @BeforeClass beforeClass -->
  <testcase classname="Tests.java.NewTest" name="@BeforeMethod beforeMethod" time="-1.68301275275E9">
    <skipped/>
  </testcase> <!-- @BeforeMethod beforeMethod -->
  <testcase classname="Tests.java.NewTest" name="@AfterMethod afterMethod" time="-1.683012752753E9">
    <skipped/>
  </testcase> <!-- @AfterMethod afterMethod -->
  <testcase classname="Tests.java.NewTest" name="@AfterClass afterClass" time="-1.683012752753E9">
    <skipped/>
  </testcase> <!-- @AfterClass afterClass -->
  <testcase classname="Tests.java.NewTest" name="@AfterTest afterTest" time="-1.683012752755E9">
    <skipped/>
  </testcase> <!-- @AfterTest afterTest -->
  <testcase classname="Tests.java.NewTest" name="f" time="0.0">
    <skipped/>
  </testcase> <!-- f -->
</testsuite> <!-- Test(failed) -->
