<?xml version="1.0" encoding="UTF-8"?>
<testng-results ignored="0" total="2" passed="2" failed="0" skipped="0">
  <reporter-output>
  </reporter-output>
  <suite started-at="2023-05-02T17:23:54 IST" name="Default suite" finished-at="2023-05-02T17:23:55 IST" duration-ms="1081">
    <groups>
    </groups>
    <test started-at="2023-05-02T17:23:54 IST" name="Default test" finished-at="2023-05-02T17:23:55 IST" duration-ms="1081">
      <class name="Tests.java.NewTest">
        <test-method is-config="true" signature="f()[pri:0, instance:Tests.java.NewTest@5890e879]" started-at="2023-05-02T17:23:46 IST" name="f" finished-at="2023-05-02T17:23:54 IST" duration-ms="7579" status="PASS">
          <reporter-output>
          </reporter-output>
        </test-method> <!-- f -->
        <test-method signature="second()[pri:1, instance:Tests.java.NewTest@5890e879]" started-at="2023-05-02T17:23:54 IST" name="second" finished-at="2023-05-02T17:23:54 IST" duration-ms="535" status="PASS">
          <reporter-output>
          </reporter-output>
        </test-method> <!-- second -->
        <test-method is-config="true" signature="takeScreenShotOnFailure(org.testng.ITestResult)[pri:0, instance:Tests.java.NewTest@5890e879]" started-at="2023-05-02T17:23:54 IST" name="takeScreenShotOnFailure" finished-at="2023-05-02T17:23:54 IST" duration-ms="1" status="PASS">
          <params>
            <param index="0">
              <value>
                <![CDATA[[TestResult name=second status=SUCCESS method=NewTest.second()[pri:1, instance:Tests.java.NewTest@5890e879] output={null}]]]>
              </value>
            </param>
          </params>
          <reporter-output>
          </reporter-output>
        </test-method> <!-- takeScreenShotOnFailure -->
        <test-method signature="first()[pri:2, instance:Tests.java.NewTest@5890e879]" started-at="2023-05-02T17:23:54 IST" name="first" finished-at="2023-05-02T17:23:55 IST" duration-ms="525" status="PASS">
          <reporter-output>
          </reporter-output>
        </test-method> <!-- first -->
        <test-method is-config="true" signature="takeScreenShotOnFailure(org.testng.ITestResult)[pri:0, instance:Tests.java.NewTest@5890e879]" started-at="2023-05-02T17:23:55 IST" name="takeScreenShotOnFailure" finished-at="2023-05-02T17:23:55 IST" duration-ms="0" status="PASS">
          <params>
            <param index="0">
              <value>
                <![CDATA[[TestResult name=first status=SUCCESS method=NewTest.first()[pri:2, instance:Tests.java.NewTest@5890e879] output={null}]]]>
              </value>
            </param>
          </params>
          <reporter-output>
          </reporter-output>
        </test-method> <!-- takeScreenShotOnFailure -->
      </class> <!-- Tests.java.NewTest -->
    </test> <!-- Default test -->
  </suite> <!-- Default suite -->
</testng-results>
